<?xml version="1.0" encoding="UTF-8"?>
<testsuites name="TestSuite_01_LoginFunction" time="26" tests="4" failures="0" errors="0">
   <testsuite name="TestSuite_01_LoginFunction" tests="4" failures="0" errors="0" time="26" timestamp="2018-07-12 10:57:14" hostname="KHilmi - MYPEN02ITSN044.kerrylogistics.com" id="Test Suites/TestSuite_01_LoginFunction">
      <properties>
         <property name="deviceName" value=""/>
         <property name="devicePlatform" value=""/>
         <property name="logFolder" value="C:\\Users\\KHilmi\\Katalon Studio\\AMS_TestProject\\Reports\\TestSuite_01_LoginFunction\\20180712_105712"/>
         <property name="logFiles" value="C:\\Users\\KHilmi\\Katalon Studio\\AMS_TestProject\\Reports\\TestSuite_01_LoginFunction\\20180712_105712\\execution0.log"/>
         <property name="attachments" value=""/>
         <property name="hostName" value="KHilmi - MYPEN02ITSN044.kerrylogistics.com"/>
         <property name="os" value="Windows 10 64bit"/>
         <property name="katalonVersion" value="5.4.2.1"/>
         <property name="browser" value="Chrome 67.0.3396.99"/>
         <property name="hostAddress" value="172.27.8.136"/>
         <property name="sessionId" value="2d40173409bafba80cd9d16f9fff1e58"/>
         <property name="seleniumVersion" value="3.7.1"/>
         <property name="proxyInformation" value="ProxyInformation{proxyOption=NO_PROXY, proxyServerType=HTTP, password=, proxyServerAddress=, proxyServerPort=0}"/>
         <property name="platform" value="Windows 10"/>
      </properties>
      <testcase name="Test Cases/TC01_LoginWithValidUsernamePassword" classname="Test Cases/TC01_LoginWithValidUsernamePassword" status="PASSED">
         <system-out><![CDATA[2018-07-12 10:57:15 - [TEST_CASE][PASSED] - Test Cases/TC01_LoginWithValidUsernamePassword: Test Cases/TC01_LoginWithValidUsernamePassword

2018-07-12 10:57:15 - [TEST_STEP][PASSED] - openBrowser: Browser is opened with url: ''

2018-07-12 10:57:19 - [MESSAGE][PASSED] - Browser is opened with url: ''

2018-07-12 10:57:19 - [TEST_STEP][PASSED] - navigateToUrl: Navigate to 'http://localhost:57065/account/login' successfully

2018-07-12 10:57:19 - [MESSAGE][PASSED] - Navigate to 'http://localhost:57065/account/login' successfully

2018-07-12 10:57:19 - [TEST_STEP][PASSED] - setText: Text 'KHilmi' is set on object 'Object Repository/TC01_OR/Page_Login/input_UserName'

2018-07-12 10:57:20 - [MESSAGE][PASSED] - Text 'KHilmi' is set on object 'Object Repository/TC01_OR/Page_Login/input_UserName'

2018-07-12 10:57:20 - [TEST_STEP][PASSED] - setText: Text 'P@ssw0rd' is set on object 'Object Repository/TC01_OR/Page_Login/input_Password'

2018-07-12 10:57:20 - [MESSAGE][PASSED] - Text 'P@ssw0rd' is set on object 'Object Repository/TC01_OR/Page_Login/input_Password'

2018-07-12 10:57:20 - [TEST_STEP][PASSED] - click: Object: 'Object Repository/TC01_OR/Page_Login/input_btn btn-primary' is clicked on

2018-07-12 10:57:24 - [MESSAGE][PASSED] - Object: 'Object Repository/TC01_OR/Page_Login/input_btn btn-primary' is clicked on

2018-07-12 10:57:24 - [TEST_STEP][PASSED] - click: Object: 'Object Repository/TC01_OR/Page_Asset Management System/h2_Dashboard' is clicked on

2018-07-12 10:57:24 - [MESSAGE][PASSED] - Object: 'Object Repository/TC01_OR/Page_Asset Management System/h2_Dashboard' is clicked on

2018-07-12 10:57:24 - [TEST_STEP][PASSED] - verifyElementPresent: Object 'Object Repository/TC01_OR/Page_Asset Management System/h2_Dashboard' is present

2018-07-12 10:57:24 - [MESSAGE][WARNING] - Timeout '0' is invalid. Using default page load timeout: '5'

2018-07-12 10:57:24 - [MESSAGE][PASSED] - Object 'Object Repository/TC01_OR/Page_Asset Management System/h2_Dashboard' is present

2018-07-12 10:57:24 - [TEST_STEP][PASSED] - closeBrowser: Browser is closed

2018-07-12 10:57:25 - [MESSAGE][PASSED] - Browser is closed]]></system-out>
         <system-err><![CDATA[]]></system-err>
      </testcase>
      <testcase name="Test Cases/TC02_LoginWithInvalidUsernamePassword" classname="Test Cases/TC02_LoginWithInvalidUsernamePassword" status="PASSED">
         <system-out><![CDATA[2018-07-12 10:57:25 - [TEST_CASE][PASSED] - Test Cases/TC02_LoginWithInvalidUsernamePassword: Test Cases/TC02_LoginWithInvalidUsernamePassword

2018-07-12 10:57:25 - [TEST_STEP][PASSED] - openBrowser: Browser is opened with url: ''

2018-07-12 10:57:27 - [MESSAGE][PASSED] - Browser is opened with url: ''

2018-07-12 10:57:27 - [TEST_STEP][PASSED] - navigateToUrl: Navigate to 'http://localhost:57065/account/login' successfully

2018-07-12 10:57:28 - [MESSAGE][PASSED] - Navigate to 'http://localhost:57065/account/login' successfully

2018-07-12 10:57:28 - [TEST_STEP][PASSED] - setText: Text 'Kamarul' is set on object 'Object Repository/TC01_OR/Page_Login/input_UserName'

2018-07-12 10:57:28 - [MESSAGE][PASSED] - Text 'Kamarul' is set on object 'Object Repository/TC01_OR/Page_Login/input_UserName'

2018-07-12 10:57:28 - [TEST_STEP][PASSED] - setText: Text 'invalidpassword' is set on object 'Object Repository/TC01_OR/Page_Login/input_Password'

2018-07-12 10:57:28 - [MESSAGE][PASSED] - Text 'invalidpassword' is set on object 'Object Repository/TC01_OR/Page_Login/input_Password'

2018-07-12 10:57:28 - [TEST_STEP][PASSED] - click: Object: 'Object Repository/TC01_OR/Page_Login/input_btn btn-primary' is clicked on

2018-07-12 10:57:29 - [MESSAGE][PASSED] - Object: 'Object Repository/TC01_OR/Page_Login/input_btn btn-primary' is clicked on

2018-07-12 10:57:29 - [TEST_STEP][PASSED] - verifyElementPresent: Object 'Object Repository/TC02_OR/Page_Login/li_Invalid Login Attempt' is present

2018-07-12 10:57:29 - [MESSAGE][WARNING] - Timeout '0' is invalid. Using default page load timeout: '5'

2018-07-12 10:57:29 - [MESSAGE][PASSED] - Object 'Object Repository/TC02_OR/Page_Login/li_Invalid Login Attempt' is present

2018-07-12 10:57:29 - [TEST_STEP][PASSED] - closeBrowser: Browser is closed

2018-07-12 10:57:30 - [MESSAGE][PASSED] - Browser is closed]]></system-out>
         <system-err><![CDATA[]]></system-err>
      </testcase>
      <testcase name="Test Cases/TC03_LoginWithInvalidUsernameOnly" classname="Test Cases/TC03_LoginWithInvalidUsernameOnly" status="PASSED">
         <system-out><![CDATA[2018-07-12 10:57:30 - [TEST_CASE][PASSED] - Test Cases/TC03_LoginWithInvalidUsernameOnly: Test Cases/TC03_LoginWithInvalidUsernameOnly

2018-07-12 10:57:30 - [TEST_STEP][PASSED] - openBrowser: Browser is opened with url: ''

2018-07-12 10:57:32 - [MESSAGE][PASSED] - Browser is opened with url: ''

2018-07-12 10:57:32 - [TEST_STEP][PASSED] - navigateToUrl: Navigate to 'http://localhost:57065/account/login' successfully

2018-07-12 10:57:33 - [MESSAGE][PASSED] - Navigate to 'http://localhost:57065/account/login' successfully

2018-07-12 10:57:33 - [TEST_STEP][PASSED] - setText: Text 'KHilmi' is set on object 'Object Repository/TC01_OR/Page_Login/input_UserName'

2018-07-12 10:57:33 - [MESSAGE][PASSED] - Text 'KHilmi' is set on object 'Object Repository/TC01_OR/Page_Login/input_UserName'

2018-07-12 10:57:33 - [TEST_STEP][PASSED] - setText: Text 'invalidpassword' is set on object 'Object Repository/TC01_OR/Page_Login/input_Password'

2018-07-12 10:57:34 - [MESSAGE][PASSED] - Text 'invalidpassword' is set on object 'Object Repository/TC01_OR/Page_Login/input_Password'

2018-07-12 10:57:34 - [TEST_STEP][PASSED] - click: Object: 'Object Repository/TC01_OR/Page_Login/input_btn btn-primary' is clicked on

2018-07-12 10:57:34 - [MESSAGE][PASSED] - Object: 'Object Repository/TC01_OR/Page_Login/input_btn btn-primary' is clicked on

2018-07-12 10:57:34 - [TEST_STEP][PASSED] - verifyElementPresent: Object 'Object Repository/TC02_OR/Page_Login/li_Invalid Login Attempt' is present

2018-07-12 10:57:34 - [MESSAGE][WARNING] - Timeout '0' is invalid. Using default page load timeout: '5'

2018-07-12 10:57:35 - [MESSAGE][PASSED] - Object 'Object Repository/TC02_OR/Page_Login/li_Invalid Login Attempt' is present

2018-07-12 10:57:35 - [TEST_STEP][PASSED] - closeBrowser: Browser is closed

2018-07-12 10:57:35 - [MESSAGE][PASSED] - Browser is closed]]></system-out>
         <system-err><![CDATA[]]></system-err>
      </testcase>
      <testcase name="Test Cases/TC04_LoginWithInvalidPasswordOnly" classname="Test Cases/TC04_LoginWithInvalidPasswordOnly" status="PASSED">
         <system-out><![CDATA[2018-07-12 10:57:35 - [TEST_CASE][PASSED] - Test Cases/TC04_LoginWithInvalidPasswordOnly: Test Cases/TC04_LoginWithInvalidPasswordOnly

2018-07-12 10:57:35 - [TEST_STEP][PASSED] - openBrowser: Browser is opened with url: ''

2018-07-12 10:57:37 - [MESSAGE][PASSED] - Browser is opened with url: ''

2018-07-12 10:57:37 - [TEST_STEP][PASSED] - navigateToUrl: Navigate to 'http://localhost:57065/account/login' successfully

2018-07-12 10:57:38 - [MESSAGE][PASSED] - Navigate to 'http://localhost:57065/account/login' successfully

2018-07-12 10:57:38 - [TEST_STEP][PASSED] - setText: Text 'Kamarul' is set on object 'Object Repository/TC01_OR/Page_Login/input_UserName'

2018-07-12 10:57:39 - [MESSAGE][PASSED] - Text 'Kamarul' is set on object 'Object Repository/TC01_OR/Page_Login/input_UserName'

2018-07-12 10:57:39 - [TEST_STEP][PASSED] - setText: Text 'P@ssw0rd' is set on object 'Object Repository/TC01_OR/Page_Login/input_Password'

2018-07-12 10:57:39 - [MESSAGE][PASSED] - Text 'P@ssw0rd' is set on object 'Object Repository/TC01_OR/Page_Login/input_Password'

2018-07-12 10:57:39 - [TEST_STEP][PASSED] - click: Object: 'Object Repository/TC01_OR/Page_Login/input_btn btn-primary' is clicked on

2018-07-12 10:57:40 - [MESSAGE][PASSED] - Object: 'Object Repository/TC01_OR/Page_Login/input_btn btn-primary' is clicked on

2018-07-12 10:57:40 - [TEST_STEP][PASSED] - verifyElementPresent: Object 'Object Repository/TC02_OR/Page_Login/li_Invalid Login Attempt' is present

2018-07-12 10:57:40 - [MESSAGE][WARNING] - Timeout '0' is invalid. Using default page load timeout: '5'

2018-07-12 10:57:40 - [MESSAGE][PASSED] - Object 'Object Repository/TC02_OR/Page_Login/li_Invalid Login Attempt' is present

2018-07-12 10:57:40 - [TEST_STEP][PASSED] - closeBrowser: Browser is closed

2018-07-12 10:57:41 - [MESSAGE][PASSED] - Browser is closed]]></system-out>
         <system-err><![CDATA[]]></system-err>
      </testcase>
      <system-out><![CDATA[2018-07-12 10:57:14 - [TEST_SUITE][PASSED] - TestSuite_01_LoginFunction: Test Cases/TC04_LoginWithInvalidPasswordOnly]]></system-out>
      <system-err><![CDATA[]]></system-err>
   </testsuite>
</testsuites>
