<?xml version="1.0" encoding="UTF-8"?>
<testsuites name="TestSuite_01_LoginFunction" time="9" tests="0" failures="1" errors="0">
   <testsuite name="TestSuite_01_LoginFunction" tests="0" failures="1" errors="0" time="9" timestamp="2018-07-12 16:28:15" hostname="KHilmi - MYPEN02ITSN044.kerrylogistics.com" id="Test Suites/TestSuite_01_LoginFunction">
      <properties>
         <property name="deviceName" value=""/>
         <property name="devicePlatform" value=""/>
         <property name="logFolder" value="C:\\Users\\KHilmi\\Katalon Studio\\AMS_TestProject\\Reports\\TestSuite_01_LoginFunction\\20180712_162813"/>
         <property name="logFiles" value="C:\\Users\\KHilmi\\Katalon Studio\\AMS_TestProject\\Reports\\TestSuite_01_LoginFunction\\20180712_162813\\execution0.log"/>
         <property name="attachments" value="C:\\Users\\KHilmi\\Katalon Studio\\AMS_TestProject\\Reports\\TestSuite_01_LoginFunction\\20180712_162813\\1531384103439.png"/>
         <property name="hostName" value="KHilmi - MYPEN02ITSN044.kerrylogistics.com"/>
         <property name="os" value="Windows 10 64bit"/>
         <property name="katalonVersion" value="5.4.2.1"/>
         <property name="browser" value="Chrome 67.0.3396.99"/>
         <property name="hostAddress" value="172.27.8.136"/>
         <property name="sessionId" value="a5e35a0681ecee2ca917a461e8c4af90"/>
         <property name="seleniumVersion" value="3.7.1"/>
         <property name="proxyInformation" value="ProxyInformation{proxyOption=NO_PROXY, proxyServerType=HTTP, password=, proxyServerAddress=, proxyServerPort=0}"/>
         <property name="platform" value="Windows 10"/>
      </properties>
      <testcase name="Test Cases/TC05_LoginWithValidUsernamePasswordButFail" classname="Test Cases/TC05_LoginWithValidUsernamePasswordButFail" status="FAILED">
         <failure type="FAILED" message="Unable to verify object is present (Root cause: java.lang.IllegalArgumentException: Object is null)"/>
         <system-out><![CDATA[2018-07-12 16:28:15 - [TEST_CASE][FAILED] - Test Cases/TC05_LoginWithValidUsernamePasswordButFail: Test Cases/TC05_LoginWithValidUsernamePasswordButFail FAILED because (of) Unable to verify object is present (Root cause: java.lang.IllegalArgumentException: Object is null)

2018-07-12 16:28:15 - [TEST_STEP][PASSED] - openBrowser: Browser is opened with url: ''

2018-07-12 16:28:18 - [MESSAGE][PASSED] - Browser is opened with url: ''

2018-07-12 16:28:18 - [TEST_STEP][PASSED] - navigateToUrl: Navigate to 'http://localhost:57065/account/login' successfully

2018-07-12 16:28:19 - [MESSAGE][PASSED] - Navigate to 'http://localhost:57065/account/login' successfully

2018-07-12 16:28:19 - [TEST_STEP][PASSED] - setText: Text 'KHilmi' is set on object 'Object Repository/Login_OR/Page_Login/input_UserName'

2018-07-12 16:28:20 - [MESSAGE][PASSED] - Text 'KHilmi' is set on object 'Object Repository/Login_OR/Page_Login/input_UserName'

2018-07-12 16:28:20 - [TEST_STEP][PASSED] - setText: Text 'P@ssw0rd' is set on object 'Object Repository/Login_OR/Page_Login/input_Password'

2018-07-12 16:28:20 - [MESSAGE][PASSED] - Text 'P@ssw0rd' is set on object 'Object Repository/Login_OR/Page_Login/input_Password'

2018-07-12 16:28:20 - [TEST_STEP][PASSED] - click: Object: 'Object Repository/Login_OR/Page_Login/input_btn btn-primary' is clicked on

2018-07-12 16:28:23 - [MESSAGE][PASSED] - Object: 'Object Repository/Login_OR/Page_Login/input_btn btn-primary' is clicked on

2018-07-12 16:28:23 - [TEST_STEP][PASSED] - click: Object: 'Object Repository/Login_OR/Page_Asset Management System/h2_Dashboard' is clicked on

2018-07-12 16:28:23 - [MESSAGE][PASSED] - Object: 'Object Repository/Login_OR/Page_Asset Management System/h2_Dashboard' is clicked on

2018-07-12 16:28:23 - [TEST_STEP][FAILED] - verifyElementPresent: Unable to verify object is present (Root cause: java.lang.IllegalArgumentException: Object is null)

2018-07-12 16:28:23 - [MESSAGE][WARNING] - Test object with id 'Object Repository/Login_OR/Page_Asset Management System/h2_MainDashboard' does not exist

2018-07-12 16:28:23 - [MESSAGE][WARNING] - Test object with id 'Object Repository/' does not exist

2018-07-12 16:28:23 - [MESSAGE][FAILED] - Unable to verify object is present (Root cause: java.lang.IllegalArgumentException: Object is null)
[[ATTACHMENT|C:\\Users\\KHilmi\\Katalon Studio\\AMS_TestProject\\Reports\\TestSuite_01_LoginFunction\\20180712_162813\\1531384103439.png]]

2018-07-12 16:28:23 - [TEST_STEP][PASSED] - closeBrowser: Browser is closed

2018-07-12 16:28:24 - [MESSAGE][PASSED] - Browser is closed]]></system-out>
         <system-err><![CDATA[2018-07-12 16:28:15 - [TEST_CASE][FAILED] - Test Cases/TC05_LoginWithValidUsernamePasswordButFail: Test Cases/TC05_LoginWithValidUsernamePasswordButFail FAILED because (of) Unable to verify object is present (Root cause: java.lang.IllegalArgumentException: Object is null)]]></system-err>
      </testcase>
      <system-out><![CDATA[2018-07-12 16:28:15 - [TEST_SUITE][FAILED] - TestSuite_01_LoginFunction: Test Cases/TC05_LoginWithValidUsernamePasswordButFail FAILED because (of) Unable to verify object is present (Root cause: java.lang.IllegalArgumentException: Object is null)]]></system-out>
      <system-err><![CDATA[2018-07-12 16:28:15 - [TEST_SUITE][FAILED] - TestSuite_01_LoginFunction: Test Cases/TC05_LoginWithValidUsernamePasswordButFail FAILED because (of) Unable to verify object is present (Root cause: java.lang.IllegalArgumentException: Object is null)]]></system-err>
   </testsuite>
</testsuites>
